127.0.0.1 - - [26/Oct/2023:21:06:42 +0200] "GET / HTTP/1.1" 200 46
127.0.0.1 - - [26/Oct/2023:21:06:42 +0200] "GET /favicon.ico HTTP/1.1" 404 196
127.0.0.1 - - [26/Oct/2023:21:07:00 +0200] "GET / HTTP/1.1" 304 -
127.0.0.1 - - [26/Oct/2023:21:07:01 +0200] "GET / HTTP/1.1" 304 -
::1 - - [26/Oct/2023:21:09:29 +0200] "GET / HTTP/1.1" 200 46
::1 - - [26/Oct/2023:21:10:01 +0200] "GET / HTTP/1.1" 304 -
::1 - - [26/Oct/2023:21:11:53 +0200] "GET / HTTP/1.1" 200 1638
::1 - - [26/Oct/2023:21:12:04 +0200] "GET /Readme.md HTTP/1.1" 200 4407
::1 - - [26/Oct/2023:21:13:04 +0200] "-" 408 -
::1 - - [26/Oct/2023:21:14:06 +0200] "GET /Github-Loading/Loader.lua HTTP/1.1" 200 13237
::1 - - [26/Oct/2023:21:14:06 +0200] "GET /Github-Loading/Loader/Utils/Class/20_Members.lua HTTP/1.1" 200 5302
::1 - - [26/Oct/2023:21:14:06 +0200] "GET /Github-Loading/Loader/Utils/Class/20_Metatable.lua HTTP/1.1" 200 8876
::1 - - [26/Oct/2023:21:14:06 +0200] "GET /Github-Loading/Loader/Utils/Class/20_Object.lua HTTP/1.1" 200 4311
::1 - - [26/Oct/2023:21:14:06 +0200] "GET /Github-Loading/Loader/Utils/Class/30_Construction.lua HTTP/1.1" 200 2793
::1 - - [26/Oct/2023:21:14:06 +0200] "GET /Github-Loading/Loader/Utils/Class/30_Type.lua HTTP/1.1" 200 1179
::1 - - [26/Oct/2023:21:14:06 +0200] "GET /Github-Loading/Loader/Utils/Class/50_Index.lua HTTP/1.1" 200 3655
::1 - - [26/Oct/2023:21:14:07 +0200] "GET /Github-Loading/Loader/Utils/10_File.lua HTTP/1.1" 200 2900
::1 - - [26/Oct/2023:21:14:07 +0200] "GET /Github-Loading/Loader/Utils/10_Function.lua HTTP/1.1" 200 538
::1 - - [26/Oct/2023:21:14:07 +0200] "GET /Github-Loading/Loader/Utils/10_String.lua HTTP/1.1" 200 973
::1 - - [26/Oct/2023:21:14:07 +0200] "GET /Github-Loading/Loader/Utils/10_Table.lua HTTP/1.1" 200 2195
::1 - - [26/Oct/2023:21:14:07 +0200] "GET /Github-Loading/Loader/Utils/100_Index.lua HTTP/1.1" 200 2324
::1 - - [26/Oct/2023:21:14:07 +0200] "GET /Github-Loading/Loader/10_ComputerLogger.lua HTTP/1.1" 200 1848
::1 - - [26/Oct/2023:21:14:07 +0200] "GET /Github-Loading/Loader/10_Entities.lua HTTP/1.1" 200 982
::1 - - [26/Oct/2023:21:14:07 +0200] "GET /Github-Loading/Loader/10_Module.lua HTTP/1.1" 200 938
::1 - - [26/Oct/2023:21:14:07 +0200] "GET /Github-Loading/Loader/10_Option.lua HTTP/1.1" 200 552
::1 - - [26/Oct/2023:21:14:07 +0200] "GET /Github-Loading/Loader/120_Event.lua HTTP/1.1" 200 2375
::1 - - [26/Oct/2023:21:14:07 +0200] "GET /Github-Loading/Loader/120_Listener.lua HTTP/1.1" 200 1248
::1 - - [26/Oct/2023:21:14:07 +0200] "GET /Github-Loading/Loader/120_Package.lua HTTP/1.1" 200 3018
::1 - - [26/Oct/2023:21:14:07 +0200] "GET /Github-Loading/Loader/140_Logger.lua HTTP/1.1" 200 6890
::1 - - [26/Oct/2023:21:14:07 +0200] "GET /Github-Loading/Loader/200_PackageLoader.lua HTTP/1.1" 200 5655
::1 - - [26/Oct/2023:21:14:07 +0200] "GET /Github-Loading/00_Options.lua HTTP/1.1" 200 184
::1 - - [26/Oct/2023:21:14:07 +0200] "GET /Github-Loading/Version.latest.txt HTTP/1.1" 200 6
::1 - - [26/Oct/2023:21:14:07 +0200] "GET /Github-Loading/Loader.lua HTTP/1.1" 200 13237
::1 - - [26/Oct/2023:21:14:07 +0200] "GET /Github-Loading/Loader/Utils/Class/20_Members.lua HTTP/1.1" 200 5302
::1 - - [26/Oct/2023:21:14:07 +0200] "GET /Github-Loading/Loader/Utils/Class/20_Metatable.lua HTTP/1.1" 200 8876
::1 - - [26/Oct/2023:21:14:07 +0200] "GET /Github-Loading/Loader/Utils/Class/20_Object.lua HTTP/1.1" 200 4311
::1 - - [26/Oct/2023:21:14:07 +0200] "GET /Github-Loading/Loader/Utils/Class/30_Construction.lua HTTP/1.1" 200 2793
::1 - - [26/Oct/2023:21:14:08 +0200] "GET /Github-Loading/Loader/Utils/Class/30_Type.lua HTTP/1.1" 200 1179
::1 - - [26/Oct/2023:21:14:08 +0200] "GET /Github-Loading/Loader/Utils/Class/50_Index.lua HTTP/1.1" 200 3655
::1 - - [26/Oct/2023:21:14:08 +0200] "GET /Github-Loading/Loader/Utils/10_File.lua HTTP/1.1" 200 2900
::1 - - [26/Oct/2023:21:14:08 +0200] "GET /Github-Loading/Loader/Utils/10_Function.lua HTTP/1.1" 200 538
::1 - - [26/Oct/2023:21:14:08 +0200] "GET /Github-Loading/Loader/Utils/10_String.lua HTTP/1.1" 200 973
::1 - - [26/Oct/2023:21:14:08 +0200] "GET /Github-Loading/Loader/Utils/10_Table.lua HTTP/1.1" 200 2195
::1 - - [26/Oct/2023:21:14:08 +0200] "GET /Github-Loading/Loader/Utils/100_Index.lua HTTP/1.1" 200 2324
::1 - - [26/Oct/2023:21:14:08 +0200] "GET /Github-Loading/Loader/10_ComputerLogger.lua HTTP/1.1" 200 1848
::1 - - [26/Oct/2023:21:14:08 +0200] "GET /Github-Loading/Loader/10_Entities.lua HTTP/1.1" 200 982
::1 - - [26/Oct/2023:21:14:08 +0200] "GET /Github-Loading/Loader/10_Module.lua HTTP/1.1" 200 938
::1 - - [26/Oct/2023:21:14:08 +0200] "GET /Github-Loading/Loader/10_Option.lua HTTP/1.1" 200 552
::1 - - [26/Oct/2023:21:14:08 +0200] "GET /Github-Loading/Loader/120_Event.lua HTTP/1.1" 200 2375
::1 - - [26/Oct/2023:21:14:08 +0200] "GET /Github-Loading/Loader/120_Listener.lua HTTP/1.1" 200 1248
::1 - - [26/Oct/2023:21:14:08 +0200] "GET /Github-Loading/Loader/120_Package.lua HTTP/1.1" 200 3018
::1 - - [26/Oct/2023:21:14:08 +0200] "GET /Github-Loading/Loader/140_Logger.lua HTTP/1.1" 200 6890
::1 - - [26/Oct/2023:21:14:08 +0200] "GET /Github-Loading/Loader/200_PackageLoader.lua HTTP/1.1" 200 5655
::1 - - [26/Oct/2023:21:14:08 +0200] "GET /Github-Loading/00_Options.lua HTTP/1.1" 200 184
::1 - - [26/Oct/2023:21:14:08 +0200] "GET /Github-Loading/Version.latest.txt HTTP/1.1" 200 6
::1 - - [26/Oct/2023:21:14:08 +0200] "GET /Packages/Core/Info.lua HTTP/1.1" 200 86
::1 - - [26/Oct/2023:21:14:08 +0200] "GET /Packages/Core/Data.lua HTTP/1.1" 200 44903
::1 - - [26/Oct/2023:21:14:09 +0200] "GET /Packages/DNS/Server/Info.lua HTTP/1.1" 200 226
::1 - - [26/Oct/2023:21:14:09 +0200] "GET /Packages/DNS/Server/Data.lua HTTP/1.1" 200 6570
::1 - - [26/Oct/2023:21:14:09 +0200] "GET /Packages/Database/Info.lua HTTP/1.1" 200 141
::1 - - [26/Oct/2023:21:14:09 +0200] "GET /Packages/Database/Data.lua HTTP/1.1" 200 6339
::1 - - [26/Oct/2023:21:14:09 +0200] "GET /Packages/DNS/Core/Info.lua HTTP/1.1" 200 141
::1 - - [26/Oct/2023:21:14:09 +0200] "GET /Packages/DNS/Core/Data.lua HTTP/1.1" 200 2474
::1 - - [26/Oct/2023:21:14:09 +0200] "GET /Packages/Hosting/Info.lua HTTP/1.1" 200 140
::1 - - [26/Oct/2023:21:14:09 +0200] "GET /Packages/Hosting/Data.lua HTTP/1.1" 200 2168
::1 - - [26/Oct/2023:21:14:09 +0200] "GET /Packages/Net/Rest/Info.lua HTTP/1.1" 200 163
::1 - - [26/Oct/2023:21:14:09 +0200] "GET /Packages/Net/Rest/Data.lua HTTP/1.1" 200 21906
::1 - - [26/Oct/2023:21:14:09 +0200] "GET /Packages/Net/Core/Info.lua HTTP/1.1" 200 171
::1 - - [26/Oct/2023:21:14:09 +0200] "GET /Packages/Net/Core/Data.lua HTTP/1.1" 200 21514
::1 - - [26/Oct/2023:21:14:09 +0200] "GET /Packages/Adapter/Computer/Info.lua HTTP/1.1" 200 109
::1 - - [26/Oct/2023:21:14:09 +0200] "GET /Packages/Adapter/Computer/Data.lua HTTP/1.1" 200 5008
::1 - - [26/Oct/2023:21:33:04 +0200] "GET / HTTP/1.1" 200 1722
::1 - - [26/Oct/2023:21:34:04 +0200] "-" 408 -
::1 - - [26/Oct/2023:21:43:43 +0200] "GET / HTTP/1.1" 200 1811
::1 - - [26/Oct/2023:21:44:43 +0200] "-" 408 -
::1 - - [26/Oct/2023:21:45:37 +0200] "GET / HTTP/1.1" 200 1811
::1 - - [26/Oct/2023:21:45:50 +0200] "GET / HTTP/1.1" 200 1811
::1 - - [26/Oct/2023:21:45:55 +0200] "GET / HTTP/1.1" 200 1811
127.0.0.1 - - [26/Oct/2023:21:46:55 +0200] "-" 408 -
127.0.0.1 - - [26/Oct/2023:21:46:55 +0200] "-" 408 -
::1 - - [26/Oct/2023:21:47:07 +0200] "GET /Github-Loading/00_Options.lua HTTP/1.1" 200 184
::1 - - [26/Oct/2023:21:47:07 +0200] "GET /Github-Loading/Version.latest.txt HTTP/1.1" 200 6
::1 - - [26/Oct/2023:21:47:07 +0200] "GET /Github-Loading/Loader.lua HTTP/1.1" 200 13252
::1 - - [26/Oct/2023:21:47:07 +0200] "GET /Github-Loading/Loader/Utils/Class/20_Members.lua HTTP/1.1" 200 5302
::1 - - [26/Oct/2023:21:47:07 +0200] "GET /Github-Loading/Loader/Utils/Class/20_Metatable.lua HTTP/1.1" 200 8876
::1 - - [26/Oct/2023:21:47:07 +0200] "GET /Github-Loading/Loader/Utils/Class/20_Object.lua HTTP/1.1" 200 4311
::1 - - [26/Oct/2023:21:47:07 +0200] "GET /Github-Loading/Loader/Utils/Class/30_Construction.lua HTTP/1.1" 200 2793
::1 - - [26/Oct/2023:21:47:07 +0200] "GET /Github-Loading/Loader/Utils/Class/30_Type.lua HTTP/1.1" 200 1179
::1 - - [26/Oct/2023:21:47:07 +0200] "GET /Github-Loading/Loader/Utils/Class/50_Index.lua HTTP/1.1" 200 3655
::1 - - [26/Oct/2023:21:47:07 +0200] "GET /Github-Loading/Loader/Utils/10_File.lua HTTP/1.1" 200 2900
::1 - - [26/Oct/2023:21:47:07 +0200] "GET /Github-Loading/Loader/Utils/10_Function.lua HTTP/1.1" 200 538
::1 - - [26/Oct/2023:21:47:07 +0200] "GET /Github-Loading/Loader/Utils/10_String.lua HTTP/1.1" 200 973
::1 - - [26/Oct/2023:21:47:07 +0200] "GET /Github-Loading/Loader/Utils/10_Table.lua HTTP/1.1" 200 2195
::1 - - [26/Oct/2023:21:47:08 +0200] "GET /Github-Loading/Loader/Utils/100_Index.lua HTTP/1.1" 200 2324
::1 - - [26/Oct/2023:21:47:08 +0200] "GET /Github-Loading/Loader/10_ComputerLogger.lua HTTP/1.1" 200 1848
::1 - - [26/Oct/2023:21:47:08 +0200] "GET /Github-Loading/Loader/10_Entities.lua HTTP/1.1" 200 982
::1 - - [26/Oct/2023:21:47:08 +0200] "GET /Github-Loading/Loader/10_Module.lua HTTP/1.1" 200 938
::1 - - [26/Oct/2023:21:47:08 +0200] "GET /Github-Loading/Loader/10_Option.lua HTTP/1.1" 200 552
::1 - - [26/Oct/2023:21:47:08 +0200] "GET /Github-Loading/Loader/120_Event.lua HTTP/1.1" 200 2375
::1 - - [26/Oct/2023:21:47:08 +0200] "GET /Github-Loading/Loader/120_Listener.lua HTTP/1.1" 200 1248
::1 - - [26/Oct/2023:21:47:08 +0200] "GET /Github-Loading/Loader/120_Package.lua HTTP/1.1" 200 3018
::1 - - [26/Oct/2023:21:47:08 +0200] "GET /Github-Loading/Loader/140_Logger.lua HTTP/1.1" 200 6890
::1 - - [26/Oct/2023:21:47:08 +0200] "GET /Github-Loading/Loader/200_PackageLoader.lua HTTP/1.1" 200 5655
::1 - - [26/Oct/2023:21:47:08 +0200] "GET /Github-Loading/00_Options.lua HTTP/1.1" 200 184
::1 - - [26/Oct/2023:21:47:08 +0200] "GET /Github-Loading/Version.latest.txt HTTP/1.1" 200 6
::1 - - [26/Oct/2023:21:47:19 +0200] "GET /Github-Loading/00_Options.lua HTTP/1.1" 200 184
::1 - - [26/Oct/2023:21:47:19 +0200] "GET /Github-Loading/Version.latest.txt HTTP/1.1" 200 6
::1 - - [26/Oct/2023:21:47:19 +0200] "GET /Github-Loading/Loader.lua HTTP/1.1" 200 13237
::1 - - [26/Oct/2023:21:47:19 +0200] "GET /Github-Loading/Loader/Utils/Class/20_Members.lua HTTP/1.1" 200 5302
::1 - - [26/Oct/2023:21:47:19 +0200] "GET /Github-Loading/Loader/Utils/Class/20_Metatable.lua HTTP/1.1" 200 8876
::1 - - [26/Oct/2023:21:47:19 +0200] "GET /Github-Loading/Loader/Utils/Class/20_Object.lua HTTP/1.1" 200 4311
::1 - - [26/Oct/2023:21:47:19 +0200] "GET /Github-Loading/Loader/Utils/Class/30_Construction.lua HTTP/1.1" 200 2793
::1 - - [26/Oct/2023:21:47:19 +0200] "GET /Github-Loading/Loader/Utils/Class/30_Type.lua HTTP/1.1" 200 1179
::1 - - [26/Oct/2023:21:47:19 +0200] "GET /Github-Loading/Loader/Utils/Class/50_Index.lua HTTP/1.1" 200 3655
::1 - - [26/Oct/2023:21:47:19 +0200] "GET /Github-Loading/Loader/Utils/10_File.lua HTTP/1.1" 200 2900
::1 - - [26/Oct/2023:21:47:19 +0200] "GET /Github-Loading/Loader/Utils/10_Function.lua HTTP/1.1" 200 538
::1 - - [26/Oct/2023:21:47:19 +0200] "GET /Github-Loading/Loader/Utils/10_String.lua HTTP/1.1" 200 973
::1 - - [26/Oct/2023:21:47:19 +0200] "GET /Github-Loading/Loader/Utils/10_Table.lua HTTP/1.1" 200 2195
::1 - - [26/Oct/2023:21:47:19 +0200] "GET /Github-Loading/Loader/Utils/100_Index.lua HTTP/1.1" 200 2324
::1 - - [26/Oct/2023:21:47:19 +0200] "GET /Github-Loading/Loader/10_ComputerLogger.lua HTTP/1.1" 200 1848
::1 - - [26/Oct/2023:21:47:19 +0200] "GET /Github-Loading/Loader/10_Entities.lua HTTP/1.1" 200 982
::1 - - [26/Oct/2023:21:47:19 +0200] "GET /Github-Loading/Loader/10_Module.lua HTTP/1.1" 200 938
::1 - - [26/Oct/2023:21:47:19 +0200] "GET /Github-Loading/Loader/10_Option.lua HTTP/1.1" 200 552
::1 - - [26/Oct/2023:21:47:20 +0200] "GET /Github-Loading/00_Options.lua HTTP/1.1" 200 184
::1 - - [26/Oct/2023:21:47:20 +0200] "GET /Github-Loading/Version.latest.txt HTTP/1.1" 200 6
::1 - - [26/Oct/2023:21:47:20 +0200] "GET /Packages/Core/Info.lua HTTP/1.1" 200 86
::1 - - [26/Oct/2023:21:47:20 +0200] "GET /Packages/DNS/Server/Info.lua HTTP/1.1" 200 226
::1 - - [26/Oct/2023:21:47:20 +0200] "GET /Packages/Database/Info.lua HTTP/1.1" 200 141
::1 - - [26/Oct/2023:21:47:20 +0200] "GET /Packages/DNS/Core/Info.lua HTTP/1.1" 200 141
::1 - - [26/Oct/2023:21:47:20 +0200] "GET /Packages/Hosting/Info.lua HTTP/1.1" 200 140
::1 - - [26/Oct/2023:21:47:20 +0200] "GET /Packages/Net/Rest/Info.lua HTTP/1.1" 200 163
::1 - - [26/Oct/2023:21:47:20 +0200] "GET /Packages/Net/Core/Info.lua HTTP/1.1" 200 171
::1 - - [26/Oct/2023:21:47:20 +0200] "GET /Packages/Adapter/Computer/Info.lua HTTP/1.1" 200 109
