[Thu Oct 26 21:06:41.978372 2023] [mpm_winnt:notice] [pid 49180:tid 360] AH00455: Apache/2.4.58 (Win64) configured -- resuming normal operations
[Thu Oct 26 21:06:41.978372 2023] [mpm_winnt:notice] [pid 49180:tid 360] AH00456: Apache Lounge VS17 Server built: Oct 18 2023 13:03:18
[Thu Oct 26 21:06:41.978372 2023] [core:notice] [pid 49180:tid 360] AH00094: Command line: 'httpd.exe -d C:/Apache24'
[Thu Oct 26 21:06:41.981880 2023] [mpm_winnt:notice] [pid 49180:tid 360] AH00418: Parent: Created child process 50520
Apache server interrupted...
023] [mpm_winnt:notice] [pid 50520:tid 364] AH00354: Child: Starting 64 worker threads.
[Thu Oct 26 21:06:54.171192 2023] [mpm_winnt:notice] [pid 49180:tid 360] AH00422: Parent: Received shutdown signal -- Shutting down the server.
Apache server interrupted...
Apache server interrupted...
Apache server interrupted...
Apache server interrupted...
Apache server interrupted...
Apache server interrupted...
Apache server interrupted...
Apache server interrupted...
Apache server interrupted...
Apache server interrupted...
Apache server shutdown initiated...
[Thu Oct 26 21:07:01.098510 2023] [mpm_winnt:notice] [pid 50520:tid 364] AH00364: Child: All worker threads have exited.
[Thu Oct 26 21:07:01.121053 2023] [mpm_winnt:notice] [pid 49180:tid 360] AH00430: Parent: Child process 50520 exited successfully.
[Thu Oct 26 21:09:27.807899 2023] [mpm_winnt:notice] [pid 51024:tid 192] AH00455: Apache/2.4.58 (Win64) configured -- resuming normal operations
[Thu Oct 26 21:09:27.807899 2023] [mpm_winnt:notice] [pid 51024:tid 192] AH00456: Apache Lounge VS17 Server built: Oct 18 2023 13:03:18
[Thu Oct 26 21:09:27.807899 2023] [core:notice] [pid 51024:tid 192] AH00094: Command line: 'httpd -d C:/Apache24'
[Thu Oct 26 21:09:27.810409 2023] [mpm_winnt:notice] [pid 51024:tid 192] AH00418: Parent: Created child process 51376
Apache server interrupted...
023] [mpm_winnt:notice] [pid 51376:tid 372] AH00354: Child: Starting 64 worker threads.
[Thu Oct 26 21:09:33.542723 2023] [mpm_winnt:notice] [pid 51024:tid 192] AH00422: Parent: Received shutdown signal -- Shutting down the server.
Apache server interrupted...
[Thu Oct 26 21:10:01.807628 2023] [mpm_winnt:notice] [pid 51376:tid 372] AH00364: Child: All worker threads have exited.
[Thu Oct 26 21:10:01.831751 2023] [mpm_winnt:notice] [pid 51024:tid 192] AH00430: Parent: Child process 51376 exited successfully.
[Thu Oct 26 21:11:50.467816 2023] [mpm_winnt:notice] [pid 34400:tid 368] AH00455: Apache/2.4.58 (Win64) configured -- resuming normal operations
[Thu Oct 26 21:11:50.468316 2023] [mpm_winnt:notice] [pid 34400:tid 368] AH00456: Apache Lounge VS17 Server built: Oct 18 2023 13:03:18
[Thu Oct 26 21:11:50.468316 2023] [core:notice] [pid 34400:tid 368] AH00094: Command line: 'httpd -d C:/Apache24'
[Thu Oct 26 21:11:50.470824 2023] [mpm_winnt:notice] [pid 34400:tid 368] AH00418: Parent: Created child process 51440
Apache server interrupted...
023] [mpm_winnt:notice] [pid 51440:tid 372] AH00354: Child: Starting 64 worker threads.
[Thu Oct 26 21:14:52.488451 2023] [mpm_winnt:notice] [pid 34400:tid 368] AH00422: Parent: Received shutdown signal -- Shutting down the server.
[Thu Oct 26 21:14:54.514172 2023] [mpm_winnt:notice] [pid 51440:tid 372] AH00364: Child: All worker threads have exited.
[Thu Oct 26 21:14:54.548629 2023] [mpm_winnt:notice] [pid 34400:tid 368] AH00430: Parent: Child process 51440 exited successfully.
[Thu Oct 26 21:32:54.119712 2023] [mpm_winnt:notice] [pid 53680:tid 336] AH00455: Apache/2.4.58 (Win64) configured -- resuming normal operations
[Thu Oct 26 21:32:54.120214 2023] [mpm_winnt:notice] [pid 53680:tid 336] AH00456: Apache Lounge VS17 Server built: Oct 18 2023 13:03:18
[Thu Oct 26 21:32:54.120214 2023] [core:notice] [pid 53680:tid 336] AH00094: Command line: 'C:\\Coding\\Lua\\Games\\Satisfactory\\Code Server\\bin\\httpd.exe -d C:/Coding/Lua/Games/Satisfactory/Code Server -d C:\\Coding\\Lua\\Games\\Satisfactory/Code Server'
[Thu Oct 26 21:32:54.123713 2023] [mpm_winnt:notice] [pid 53680:tid 336] AH00418: Parent: Created child process 27544
[Thu Oct 26 21:32:54.358032 2023] [mpm_winnt:notice] [pid 27544:tid 352] AH00354: Child: Starting 64 worker threads.
[Thu Oct 26 21:34:16.998733 2023] [mpm_winnt:crit] [pid 27544:tid 352] AH02538: Child: Parent process exited abruptly. Child process is ending
[Thu Oct 26 21:34:16.998733 2023] [mpm_winnt:warn] [pid 27544:tid 496] (OS 995)Der E/A-Vorgang wurde wegen eines Threadendes oder einer Anwendungsanforderung abgebrochen.  : AH00341: winnt_accept: Asynchronous AcceptEx failed.
[Thu Oct 26 21:34:16.998733 2023] [mpm_winnt:warn] [pid 27544:tid 1248] (OS 995)Der E/A-Vorgang wurde wegen eines Threadendes oder einer Anwendungsanforderung abgebrochen.  : AH00341: winnt_accept: Asynchronous AcceptEx failed.
[Thu Oct 26 21:34:19.013924 2023] [mpm_winnt:notice] [pid 27544:tid 352] AH00364: Child: All worker threads have exited.
[Thu Oct 26 21:43:34.330081 2023] [core:warn] [pid 17352:tid 412] AH00098: pid file C:/Coding/Lua/Games/Satisfactory/Code-Server/logs/httpd.pid overwritten -- Unclean shutdown of previous Apache run?
[Thu Oct 26 21:43:34.332581 2023] [mpm_winnt:notice] [pid 17352:tid 412] AH00455: Apache/2.4.58 (Win64) configured -- resuming normal operations
[Thu Oct 26 21:43:34.332581 2023] [mpm_winnt:notice] [pid 17352:tid 412] AH00456: Apache Lounge VS17 Server built: Oct 18 2023 13:03:18
[Thu Oct 26 21:43:34.332581 2023] [core:notice] [pid 17352:tid 412] AH00094: Command line: 'C:\\Coding\\Lua\\Games\\Satisfactory\\Code-Server\\bin\\httpd.exe -d C:/Coding/Lua/Games/Satisfactory/Code-Server -d C:\\Coding\\Lua\\Games\\Satisfactory\\Code-Server -f C:\\Coding\\Lua\\Games\\Satisfactory\\Code-Server\\conf\\temp-httpd.conf'
[Thu Oct 26 21:43:34.336081 2023] [mpm_winnt:notice] [pid 17352:tid 412] AH00418: Parent: Created child process 49384
[Thu Oct 26 21:43:34.568582 2023] [mpm_winnt:notice] [pid 49384:tid 336] AH00354: Child: Starting 64 worker threads.
[Thu Oct 26 21:43:57.510846 2023] [mpm_winnt:crit] [pid 49384:tid 336] AH02538: Child: Parent process exited abruptly. Child process is ending
[Thu Oct 26 21:43:57.510846 2023] [mpm_winnt:warn] [pid 49384:tid 1232] (OS 995)Der E/A-Vorgang wurde wegen eines Threadendes oder einer Anwendungsanforderung abgebrochen.  : AH00341: winnt_accept: Asynchronous AcceptEx failed.
[Thu Oct 26 21:43:57.510846 2023] [mpm_winnt:warn] [pid 49384:tid 1244] (OS 995)Der E/A-Vorgang wurde wegen eines Threadendes oder einer Anwendungsanforderung abgebrochen.  : AH00341: winnt_accept: Asynchronous AcceptEx failed.
[Thu Oct 26 21:43:57.557410 2023] [core:warn] [pid 52568:tid 364] AH00098: pid file C:/Coding/Lua/Games/Satisfactory/Code-Server/logs/httpd.pid overwritten -- Unclean shutdown of previous Apache run?
[Thu Oct 26 21:43:57.559475 2023] [mpm_winnt:notice] [pid 52568:tid 364] AH00455: Apache/2.4.58 (Win64) configured -- resuming normal operations
[Thu Oct 26 21:43:57.559475 2023] [mpm_winnt:notice] [pid 52568:tid 364] AH00456: Apache Lounge VS17 Server built: Oct 18 2023 13:03:18
[Thu Oct 26 21:43:57.559475 2023] [core:notice] [pid 52568:tid 364] AH00094: Command line: 'C:\\Coding\\Lua\\Games\\Satisfactory\\Code-Server\\bin\\httpd.exe -d C:/Coding/Lua/Games/Satisfactory/Code-Server -d C:\\Coding\\Lua\\Games\\Satisfactory\\Code-Server -f C:\\Coding\\Lua\\Games\\Satisfactory\\Code-Server\\conf\\temp-httpd.conf'
[Thu Oct 26 21:43:57.563475 2023] [mpm_winnt:notice] [pid 52568:tid 364] AH00418: Parent: Created child process 42392
Apache server interrupted...
023] [mpm_winnt:notice] [pid 42392:tid 352] AH00354: Child: Starting 64 worker threads.
[Thu Oct 26 21:44:32.103004 2023] [mpm_winnt:notice] [pid 49384:tid 336] AH00362: Child: Waiting 30 more seconds for 1 worker threads to finish.
[Thu Oct 26 21:44:45.499490 2023] [mpm_winnt:notice] [pid 49384:tid 336] AH00364: Child: All worker threads have exited.
[Thu Oct 26 21:44:46.328708 2023] [mpm_winnt:notice] [pid 52568:tid 364] AH00422: Parent: Received shutdown signal -- Shutting down the server.
[Thu Oct 26 21:44:48.349593 2023] [mpm_winnt:notice] [pid 42392:tid 352] AH00364: Child: All worker threads have exited.
[Thu Oct 26 21:44:48.375630 2023] [mpm_winnt:notice] [pid 52568:tid 364] AH00430: Parent: Child process 42392 exited successfully.
[Thu Oct 26 21:44:54.491237 2023] [mpm_winnt:notice] [pid 11524:tid 364] AH00455: Apache/2.4.58 (Win64) configured -- resuming normal operations
[Thu Oct 26 21:44:54.491735 2023] [mpm_winnt:notice] [pid 11524:tid 364] AH00456: Apache Lounge VS17 Server built: Oct 18 2023 13:03:18
[Thu Oct 26 21:44:54.491735 2023] [core:notice] [pid 11524:tid 364] AH00094: Command line: 'C:\\Coding\\Lua\\Games\\Satisfactory\\Code-Server\\bin\\httpd.exe -d C:/Coding/Lua/Games/Satisfactory/Code-Server -d C:\\Coding\\Lua\\Games\\Satisfactory\\Code-Server -f C:\\Coding\\Lua\\Games\\Satisfactory\\Code-Server\\conf\\temp-httpd.conf'
[Thu Oct 26 21:44:54.494736 2023] [mpm_winnt:notice] [pid 11524:tid 364] AH00418: Parent: Created child process 46948
[Thu Oct 26 21:44:54.835647 2023] [mpm_winnt:notice] [pid 46948:tid 240] AH00354: Child: Starting 64 worker threads.
[Thu Oct 26 21:45:18.959507 2023] [mpm_winnt:crit] [pid 46948:tid 240] AH02538: Child: Parent process exited abruptly. Child process is ending
[Thu Oct 26 21:45:18.959507 2023] [mpm_winnt:warn] [pid 46948:tid 640] (OS 995)Der E/A-Vorgang wurde wegen eines Threadendes oder einer Anwendungsanforderung abgebrochen.  : AH00341: winnt_accept: Asynchronous AcceptEx failed.
[Thu Oct 26 21:45:18.959507 2023] [mpm_winnt:warn] [pid 46948:tid 1200] (OS 995)Der E/A-Vorgang wurde wegen eines Threadendes oder einer Anwendungsanforderung abgebrochen.  : AH00341: winnt_accept: Asynchronous AcceptEx failed.
[Thu Oct 26 21:45:19.038178 2023] [core:warn] [pid 23852:tid 348] AH00098: pid file C:/Coding/Lua/Games/Satisfactory/Code-Server/logs/httpd.pid overwritten -- Unclean shutdown of previous Apache run?
[Thu Oct 26 21:45:19.040186 2023] [mpm_winnt:notice] [pid 23852:tid 348] AH00455: Apache/2.4.58 (Win64) configured -- resuming normal operations
[Thu Oct 26 21:45:19.040186 2023] [mpm_winnt:notice] [pid 23852:tid 348] AH00456: Apache Lounge VS17 Server built: Oct 18 2023 13:03:18
[Thu Oct 26 21:45:19.040186 2023] [core:notice] [pid 23852:tid 348] AH00094: Command line: 'C:\\Coding\\Lua\\Games\\Satisfactory\\Code-Server\\bin\\httpd.exe -d C:/Coding/Lua/Games/Satisfactory/Code-Server -d C:\\Coding\\Lua\\Games\\Satisfactory\\Code-Server -f C:\\Coding\\Lua\\Games\\Satisfactory\\Code-Server\\conf\\temp-httpd.conf'
[Thu Oct 26 21:45:19.044686 2023] [mpm_winnt:notice] [pid 23852:tid 348] AH00418: Parent: Created child process 47784
Apache server interrupted...
023] [mpm_winnt:notice] [pid 47784:tid 204] AH00354: Child: Starting 64 worker threads.
[Thu Oct 26 21:45:20.985921 2023] [mpm_winnt:notice] [pid 46948:tid 240] AH00364: Child: All worker threads have exited.
[Thu Oct 26 21:45:22.018439 2023] [mpm_winnt:notice] [pid 23852:tid 348] AH00422: Parent: Received shutdown signal -- Shutting down the server.
Apache server interrupted...
Apache server interrupted...
Apache server interrupted...
Apache server interrupted...
Apache server interrupted...
Apache server interrupted...
Apache server interrupted...
Apache server interrupted...
Apache server interrupted...
Apache server interrupted...
[Thu Oct 26 21:45:24.039473 2023] [mpm_winnt:notice] [pid 47784:tid 204] AH00364: Child: All worker threads have exited.
[Thu Oct 26 21:45:24.065007 2023] [mpm_winnt:notice] [pid 23852:tid 348] AH00430: Parent: Child process 47784 exited successfully.
[Thu Oct 26 21:45:29.789937 2023] [mpm_winnt:notice] [pid 46528:tid 368] AH00455: Apache/2.4.58 (Win64) configured -- resuming normal operations
[Thu Oct 26 21:45:29.790436 2023] [mpm_winnt:notice] [pid 46528:tid 368] AH00456: Apache Lounge VS17 Server built: Oct 18 2023 13:03:18
[Thu Oct 26 21:45:29.790436 2023] [core:notice] [pid 46528:tid 368] AH00094: Command line: 'C:\\Coding\\Lua\\Games\\Satisfactory\\Code-Server\\bin\\httpd.exe -d C:/Coding/Lua/Games/Satisfactory/Code-Server -d C:\\Coding\\Lua\\Games\\Satisfactory\\Code-Server -f C:\\Coding\\Lua\\Games\\Satisfactory\\Code-Server\\conf\\temp-httpd.conf'
[Thu Oct 26 21:45:29.793437 2023] [mpm_winnt:notice] [pid 46528:tid 368] AH00418: Parent: Created child process 53448
[Thu Oct 26 21:45:30.000186 2023] [mpm_winnt:notice] [pid 53448:tid 372] AH00354: Child: Starting 64 worker threads.
[Thu Oct 26 21:45:47.541170 2023] [mpm_winnt:crit] [pid 53448:tid 372] AH02538: Child: Parent process exited abruptly. Child process is ending
[Thu Oct 26 21:45:47.541671 2023] [mpm_winnt:warn] [pid 53448:tid 1264] (OS 995)Der E/A-Vorgang wurde wegen eines Threadendes oder einer Anwendungsanforderung abgebrochen.  : AH00341: winnt_accept: Asynchronous AcceptEx failed.
[Thu Oct 26 21:45:47.541671 2023] [mpm_winnt:warn] [pid 53448:tid 1256] (OS 995)Der E/A-Vorgang wurde wegen eines Threadendes oder einer Anwendungsanforderung abgebrochen.  : AH00341: winnt_accept: Asynchronous AcceptEx failed.
[Thu Oct 26 21:45:50.205875 2023] [mpm_winnt:notice] [pid 53448:tid 372] AH00364: Child: All worker threads have exited.
[Thu Oct 26 21:45:55.254193 2023] [core:warn] [pid 15744:tid 360] AH00098: pid file C:/Coding/Lua/Games/Satisfactory/Code-Server/logs/httpd.pid overwritten -- Unclean shutdown of previous Apache run?
[Thu Oct 26 21:45:55.256693 2023] [mpm_winnt:notice] [pid 15744:tid 360] AH00455: Apache/2.4.58 (Win64) configured -- resuming normal operations
[Thu Oct 26 21:45:55.256693 2023] [mpm_winnt:notice] [pid 15744:tid 360] AH00456: Apache Lounge VS17 Server built: Oct 18 2023 13:03:18
[Thu Oct 26 21:45:55.256693 2023] [core:notice] [pid 15744:tid 360] AH00094: Command line: 'C:\\Coding\\Lua\\Games\\Satisfactory\\Code-Server\\bin\\httpd.exe -d C:/Coding/Lua/Games/Satisfactory/Code-Server -d C:\\Coding\\Lua\\Games\\Satisfactory\\Code-Server -f C:\\Coding\\Lua\\Games\\Satisfactory\\Code-Server\\conf\\temp-httpd.conf'
[Thu Oct 26 21:45:55.260194 2023] [mpm_winnt:notice] [pid 15744:tid 360] AH00418: Parent: Created child process 52596
[Thu Oct 26 21:45:55.483153 2023] [mpm_winnt:notice] [pid 52596:tid 212] AH00354: Child: Starting 64 worker threads.
[Thu Oct 26 21:49:44.060338 2023] [mpm_winnt:crit] [pid 52596:tid 212] AH02538: Child: Parent process exited abruptly. Child process is ending
[Thu Oct 26 21:49:44.060838 2023] [mpm_winnt:warn] [pid 52596:tid 1228] (OS 995)Der E/A-Vorgang wurde wegen eines Threadendes oder einer Anwendungsanforderung abgebrochen.  : AH00341: winnt_accept: Asynchronous AcceptEx failed.
[Thu Oct 26 21:49:44.060838 2023] [mpm_winnt:warn] [pid 52596:tid 1316] (OS 995)Der E/A-Vorgang wurde wegen eines Threadendes oder einer Anwendungsanforderung abgebrochen.  : AH00341: winnt_accept: Asynchronous AcceptEx failed.
[Thu Oct 26 21:49:46.079493 2023] [mpm_winnt:notice] [pid 52596:tid 212] AH00364: Child: All worker threads have exited.
